app/build/outputs/logs/manifest-merger-debug-report.txt
-- Merging decision tree log ---
manifest
ADDED from src/main/AndroidManifest.xml:2:1-35:12
	package
		ADDED from src/main/AndroidManifest.xml:3:5-53
		INJECTED from src/main/AndroidManifest.xml
		INJECTED from src/main/AndroidManifest.xml
	android:versionName
		INJECTED from src/main/AndroidManifest.xml
		INJECTED from src/main/AndroidManifest.xml
	xmlns:android
		ADDED from src/main/AndroidManifest.xml:2:11-69
	android:versionCode
		INJECTED from src/main/AndroidManifest.xml
		INJECTED from src/main/AndroidManifest.xml
uses-permission#android.permission.INTERNET
ADDED from src/main/AndroidManifest.xml:5:5-67
	android:name
		ADDED from src/main/AndroidManifest.xml:5:22-64
application
ADDED from src/main/AndroidManifest.xml:6:5-33:19
MERGED from [com.android.support:appcompat-v7:25.1.1] AndroidManifest.xml:25:5-20
MERGED from [com.android.support:support-v4:25.1.1] AndroidManifest.xml:25:5-20
MERGED from [com.android.support:support-fragment:25.1.1] AndroidManifest.xml:25:5-20
MERGED from [com.android.support:support-media-compat:25.1.1] AndroidManifest.xml:25:5-20
MERGED from [com.android.support:support-core-ui:25.1.1] AndroidManifest.xml:25:5-20
MERGED from [com.android.support:support-core-utils:25.1.1] AndroidManifest.xml:25:5-20
MERGED from [com.android.support:animated-vector-drawable:25.1.1] AndroidManifest.xml:22:5-20
MERGED from [com.android.support:support-vector-drawable:25.1.1] AndroidManifest.xml:23:5-20
MERGED from [com.android.support:support-compat:25.1.1] AndroidManifest.xml:25:5-20
MERGED from [com.android.support.constraint:constraint-layout:1.0.2] AndroidManifest.xml:9:5-20
	android:label
		ADDED from src/main/AndroidManifest.xml:9:9-41
	android:supportsRtl
		ADDED from src/main/AndroidManifest.xml:11:9-35
	android:roundIcon
		ADDED from src/main/AndroidManifest.xml:10:9-54
	android:allowBackup
		ADDED from src/main/AndroidManifest.xml:7:9-35
	android:icon
		ADDED from src/main/AndroidManifest.xml:8:9-43
	android:theme
		ADDED from src/main/AndroidManifest.xml:12:9-40
activity#ntu.ce2006.swensens.hdbdesirabilityapp.MainActivity
ADDED from src/main/AndroidManifest.xml:13:9-19:20
	android:name
		ADDED from src/main/AndroidManifest.xml:13:19-47
intent-filter#android.intent.action.MAIN+android.intent.category.LAUNCHER
ADDED from src/main/AndroidManifest.xml:14:13-18:29
action#android.intent.action.MAIN
ADDED from src/main/AndroidManifest.xml:15:17-69
	android:name
		ADDED from src/main/AndroidManifest.xml:15:25-66
category#android.intent.category.LAUNCHER
ADDED from src/main/AndroidManifest.xml:17:17-77
	android:name
		ADDED from src/main/AndroidManifest.xml:17:27-74
activity#ntu.ce2006.swensens.hdbdesirabilityapp.SearchActivity
ADDED from src/main/AndroidManifest.xml:20:9-52
	android:name
		ADDED from src/main/AndroidManifest.xml:20:19-49
activity#ntu.ce2006.swensens.hdbdesirabilityapp.PinActivity
ADDED from src/main/AndroidManifest.xml:21:9-49
	android:name
		ADDED from src/main/AndroidManifest.xml:21:19-46
activity#ntu.ce2006.swensens.hdbdesirabilityapp.HistoryActivity
ADDED from src/main/AndroidManifest.xml:22:9-53
	android:name
		ADDED from src/main/AndroidManifest.xml:22:19-50
activity#ntu.ce2006.swensens.hdbdesirabilityapp.Search_Loc_Activity
ADDED from src/main/AndroidManifest.xml:23:9-57
	android:name
		ADDED from src/main/AndroidManifest.xml:23:19-54
activity#ntu.ce2006.swensens.hdbdesirabilityapp.Search_Size_Activity
ADDED from src/main/AndroidManifest.xml:24:9-58
	android:name
		ADDED from src/main/AndroidManifest.xml:24:19-55
activity#ntu.ce2006.swensens.hdbdesirabilityapp.Search_Price_Activity
ADDED from src/main/AndroidManifest.xml:25:9-59
	android:name
		ADDED from src/main/AndroidManifest.xml:25:19-56
activity#ntu.ce2006.swensens.hdbdesirabilityapp.Search_Ameni_Activity
ADDED from src/main/AndroidManifest.xml:26:9-59
	android:name
		ADDED from src/main/AndroidManifest.xml:26:19-56
activity#ntu.ce2006.swensens.hdbdesirabilityapp.ResultsActivity
ADDED from src/main/AndroidManifest.xml:27:9-53
	android:name
		ADDED from src/main/AndroidManifest.xml:27:19-50
activity#ntu.ce2006.swensens.hdbdesirabilityapp.Info
ADDED from src/main/AndroidManifest.xml:28:9-32:20
	android:name
		ADDED from src/main/AndroidManifest.xml:28:19-39
uses-sdk
INJECTED from src/main/AndroidManifest.xml reason: use-sdk injection requested
MERGED from [com.android.support:appcompat-v7:25.1.1] AndroidManifest.xml:21:5-23:78
MERGED from [com.android.support:support-v4:25.1.1] AndroidManifest.xml:21:5-23:54
MERGED from [com.android.support:support-fragment:25.1.1] AndroidManifest.xml:21:5-23:60
MERGED from [com.android.support:support-media-compat:25.1.1] AndroidManifest.xml:21:5-23:63
MERGED from [com.android.support:support-core-ui:25.1.1] AndroidManifest.xml:21:5-23:58
MERGED from [com.android.support:support-core-utils:25.1.1] AndroidManifest.xml:21:5-23:61
MERGED from [com.android.support:animated-vector-drawable:25.1.1] AndroidManifest.xml:20:5-44
MERGED from [com.android.support:support-vector-drawable:25.1.1] AndroidManifest.xml:21:5-43
MERGED from [com.android.support:support-compat:25.1.1] AndroidManifest.xml:21:5-23:58
MERGED from [com.android.support.constraint:constraint-layout:1.0.2] AndroidManifest.xml:5:5-7:41
	tools:overrideLibrary
		ADDED from [com.android.support:appcompat-v7:25.1.1] AndroidManifest.xml:23:9-75
	android:targetSdkVersion
		INJECTED from src/main/AndroidManifest.xml
		INJECTED from src/main/AndroidManifest.xml
	android:minSdkVersion
		INJECTED from src/main/AndroidManifest.xml
		INJECTED from src/main/AndroidManifest.xml